build/app/intermediates/manifest_merge_blame_file/release/manifest-merger-blame-release-report.txt
1<?xml version="1.0" encoding="utf-8"?>
2<manifest xmlns:android="http://schemas.android.com/apk/res/android"
3    package="com.example.click_send"
4    android:versionCode="1"
5    android:versionName="1.0.0" >
6
7    <uses-sdk
8        android:minSdkVersion="21"
8-->src/main/AndroidManifest.xml
9        android:targetSdkVersion="33" />
9-->src/main/AndroidManifest.xml
10
11    <uses-permission android:name="android.permission.INTERNET" />
11-->src/main/AndroidManifest.xml:2:1-63
11-->src/main/AndroidManifest.xml:2:18-60
12    <uses-permission android:name="android.permission.ACCESS_FINE_LOCATION" />
12-->src/main/AndroidManifest.xml:2:66-140
12-->src/main/AndroidManifest.xml:2:83-137
13    <uses-permission android:name="android.permission.ACCESS_COARSE_LOCATION" />
13-->src/main/AndroidManifest.xml:3:1-77
13-->src/main/AndroidManifest.xml:3:18-74
14    <uses-permission android:name="android.permission.WAKE_LOCK" />
14-->[:firebase_messaging] AndroidManifest.xml:10:5-68
14-->[:firebase_messaging] AndroidManifest.xml:10:22-65
15    <uses-permission android:name="android.permission.ACCESS_NETWORK_STATE" /> <!-- Permissions options for the `notification` group -->
15-->[:firebase_messaging] AndroidManifest.xml:11:5-79
15-->[:firebase_messaging] AndroidManifest.xml:11:22-76
16    <uses-permission android:name="android.permission.POST_NOTIFICATIONS" />
16-->[:firebase_messaging] AndroidManifest.xml:13:5-77
16-->[:firebase_messaging] AndroidManifest.xml:13:22-74
17    <uses-permission android:name="android.permission.VIBRATE" /> <!-- See https://developer.android.com/training/package-visibility/declaring for more details. -->
17-->[:flutter_local_notifications] AndroidManifest.xml:9:5-66
17-->[:flutter_local_notifications] AndroidManifest.xml:9:22-63
18    <queries>
18-->[com.stripe:payments-core:20.34.4] AndroidManifest.xml:8:5-12:15
19
20        <!-- Added to check if Chrome is installed for browser-based payment authentication (e.g. 3DS1). -->
21        <package android:name="com.android.chrome" />
21-->[com.stripe:payments-core:20.34.4] AndroidManifest.xml:11:9-54
21-->[com.stripe:payments-core:20.34.4] AndroidManifest.xml:11:18-51
22        <!-- Needs to be explicitly declared on Android R+ -->
23        <package android:name="com.google.android.apps.maps" /> <!-- Added to check the default browser that will host the AuthFlow. -->
23-->[com.google.android.gms:play-services-maps:18.2.0] AndroidManifest.xml:33:9-64
23-->[com.google.android.gms:play-services-maps:18.2.0] AndroidManifest.xml:33:18-61
24        <intent>
24-->[com.stripe:financial-connections:20.34.4] AndroidManifest.xml:13:9-17:18
25            <action android:name="android.intent.action.VIEW" />
25-->[com.stripe:link:20.34.4] AndroidManifest.xml:21:17-69
25-->[com.stripe:link:20.34.4] AndroidManifest.xml:21:25-66
26
27            <data android:scheme="http" />
27-->[com.stripe:link:20.34.4] AndroidManifest.xml:26:17-29:51
27-->[com.stripe:link:20.34.4] AndroidManifest.xml:29:21-48
28        </intent>
29    </queries>
30
31    <uses-feature
31-->[com.google.android.gms:play-services-maps:18.2.0] AndroidManifest.xml:26:5-28:35
32        android:glEsVersion="0x00020000"
32-->[com.google.android.gms:play-services-maps:18.2.0] AndroidManifest.xml:27:9-41
33        android:required="true" /> <!-- Required by older versions of Google Play services to create IID tokens -->
33-->[com.google.android.gms:play-services-maps:18.2.0] AndroidManifest.xml:28:9-32
34    <uses-permission android:name="com.google.android.c2dm.permission.RECEIVE" />
34-->[com.google.firebase:firebase-messaging:23.4.1] AndroidManifest.xml:26:5-82
34-->[com.google.firebase:firebase-messaging:23.4.1] AndroidManifest.xml:26:22-79
35    <uses-permission android:name="com.google.android.providers.gsf.permission.READ_GSERVICES" />
35-->[com.google.android.recaptcha:recaptcha:18.4.0] AndroidManifest.xml:9:5-98
35-->[com.google.android.recaptcha:recaptcha:18.4.0] AndroidManifest.xml:9:22-95
36
37    <permission
37-->[androidx.core:core:1.10.1] AndroidManifest.xml:22:5-24:47
38        android:name="com.example.click_send.DYNAMIC_RECEIVER_NOT_EXPORTED_PERMISSION"
38-->[androidx.core:core:1.10.1] AndroidManifest.xml:23:9-81
39        android:protectionLevel="signature" />
39-->[androidx.core:core:1.10.1] AndroidManifest.xml:24:9-44
40
41    <uses-permission android:name="com.example.click_send.DYNAMIC_RECEIVER_NOT_EXPORTED_PERMISSION" />
41-->[androidx.core:core:1.10.1] AndroidManifest.xml:26:5-97
41-->[androidx.core:core:1.10.1] AndroidManifest.xml:26:22-94
42
43    <application
44        android:name="android.app.Application"
44-->src/main/AndroidManifest.xml:6:9-42
45        android:appComponentFactory="androidx.core.app.CoreComponentFactory"
45-->[androidx.core:core:1.10.1] AndroidManifest.xml:28:18-86
46        android:icon="@mipmap/launcher_icon"
46-->src/main/AndroidManifest.xml:7:9-45
47        android:label="Click And Send" >
47-->src/main/AndroidManifest.xml:5:9-39
48        <activity
48-->src/main/AndroidManifest.xml:8:9-28:20
49            android:name="com.example.click_send.MainActivity"
49-->src/main/AndroidManifest.xml:9:13-41
50            android:configChanges="orientation|keyboardHidden|keyboard|screenSize|smallestScreenSize|locale|layoutDirection|fontScale|screenLayout|density|uiMode"
50-->src/main/AndroidManifest.xml:13:13-163
51            android:exported="true"
51-->src/main/AndroidManifest.xml:10:13-36
52            android:hardwareAccelerated="true"
52-->src/main/AndroidManifest.xml:14:13-47
53            android:launchMode="singleTop"
53-->src/main/AndroidManifest.xml:11:13-43
54            android:theme="@style/LaunchTheme"
54-->src/main/AndroidManifest.xml:12:13-47
55            android:windowSoftInputMode="adjustResize" >
55-->src/main/AndroidManifest.xml:15:13-55
56
57            <!--
58                 Specifies an Android theme to apply to this Activity as soon as
59                 the Android process has started. This theme is visible to the user
60                 while the Flutter UI initializes. After that, this theme continues
61                 to determine the Window background behind the Flutter UI.
62            -->
63            <meta-data
63-->src/main/AndroidManifest.xml:20:13-23:17
64                android:name="io.flutter.embedding.android.NormalTheme"
64-->src/main/AndroidManifest.xml:21:15-70
65                android:resource="@style/NormalTheme" />
65-->src/main/AndroidManifest.xml:22:15-52
66
67            <intent-filter>
67-->src/main/AndroidManifest.xml:24:13-27:29
68                <action android:name="android.intent.action.MAIN" />
68-->src/main/AndroidManifest.xml:25:17-68
68-->src/main/AndroidManifest.xml:25:25-66
69
70                <category android:name="android.intent.category.LAUNCHER" />
70-->src/main/AndroidManifest.xml:26:17-76
70-->src/main/AndroidManifest.xml:26:27-74
71            </intent-filter>
72        </activity>
73        <!--
74             Don't delete the meta-data below.
75             This is used by the Flutter tool to generate GeneratedPluginRegistrant.java
76        -->
77        <meta-data
77-->src/main/AndroidManifest.xml:31:9-33:33
78            android:name="flutterEmbedding"
78-->src/main/AndroidManifest.xml:32:13-44
79            android:value="2" />
79-->src/main/AndroidManifest.xml:33:13-30
80        <meta-data
80-->src/main/AndroidManifest.xml:33:36-34:73
81            android:name="com.google.android.geo.API_KEY"
81-->src/main/AndroidManifest.xml:33:47-92
82            android:value="AIzaSyAOclkkEGESMv0-cbDsX4w_QQ_pTTms8p4" />
82-->src/main/AndroidManifest.xml:34:16-71
83
84        <service
84-->[:firebase_auth] AndroidManifest.xml:10:9-14:19
85            android:name="com.google.firebase.components.ComponentDiscoveryService"
85-->[:firebase_auth] AndroidManifest.xml:10:18-89
86            android:directBootAware="true"
86-->[com.google.firebase:firebase-common:20.4.3] AndroidManifest.xml:32:13-43
87            android:exported="false" >
87-->[com.google.firebase:firebase-auth:22.3.1] AndroidManifest.xml:68:13-37
88            <meta-data
88-->[:firebase_auth] AndroidManifest.xml:11:13-13:85
89                android:name="com.google.firebase.components:io.flutter.plugins.firebase.auth.FlutterFirebaseAuthRegistrar"
89-->[:firebase_auth] AndroidManifest.xml:12:17-124
90                android:value="com.google.firebase.components.ComponentRegistrar" />
90-->[:firebase_auth] AndroidManifest.xml:13:17-82
91            <meta-data
91-->[:firebase_messaging] AndroidManifest.xml:38:13-40:85
92                android:name="com.google.firebase.components:io.flutter.plugins.firebase.messaging.FlutterFirebaseAppRegistrar"
92-->[:firebase_messaging] AndroidManifest.xml:39:17-128
93                android:value="com.google.firebase.components.ComponentRegistrar" />
93-->[:firebase_messaging] AndroidManifest.xml:40:17-82
94            <meta-data
94-->[:firebase_core] AndroidManifest.xml:11:13-13:85
95                android:name="com.google.firebase.components:io.flutter.plugins.firebase.core.FlutterFirebaseCoreRegistrar"
95-->[:firebase_core] AndroidManifest.xml:12:17-124
96                android:value="com.google.firebase.components.ComponentRegistrar" />
96-->[:firebase_core] AndroidManifest.xml:13:17-82
97            <meta-data
97-->[com.google.firebase:firebase-auth:22.3.1] AndroidManifest.xml:69:13-71:85
98                android:name="com.google.firebase.components:com.google.firebase.auth.FirebaseAuthRegistrar"
98-->[com.google.firebase:firebase-auth:22.3.1] AndroidManifest.xml:70:17-109
99                android:value="com.google.firebase.components.ComponentRegistrar" />
99-->[com.google.firebase:firebase-auth:22.3.1] AndroidManifest.xml:71:17-82
100            <meta-data
100-->[com.google.firebase:firebase-messaging:23.4.1] AndroidManifest.xml:57:13-59:85
101                android:name="com.google.firebase.components:com.google.firebase.messaging.FirebaseMessagingKtxRegistrar"
101-->[com.google.firebase:firebase-messaging:23.4.1] AndroidManifest.xml:58:17-122
102                android:value="com.google.firebase.components.ComponentRegistrar" />
102-->[com.google.firebase:firebase-messaging:23.4.1] AndroidManifest.xml:59:17-82
103            <meta-data
103-->[com.google.firebase:firebase-messaging:23.4.1] AndroidManifest.xml:60:13-62:85
104                android:name="com.google.firebase.components:com.google.firebase.messaging.FirebaseMessagingRegistrar"
104-->[com.google.firebase:firebase-messaging:23.4.1] AndroidManifest.xml:61:17-119
105                android:value="com.google.firebase.components.ComponentRegistrar" />
105-->[com.google.firebase:firebase-messaging:23.4.1] AndroidManifest.xml:62:17-82
106            <meta-data
106-->[com.google.firebase:firebase-iid:21.1.0] AndroidManifest.xml:32:13-34:85
107                android:name="com.google.firebase.components:com.google.firebase.iid.Registrar"
107-->[com.google.firebase:firebase-iid:21.1.0] AndroidManifest.xml:33:17-96
108                android:value="com.google.firebase.components.ComponentRegistrar" />
108-->[com.google.firebase:firebase-iid:21.1.0] AndroidManifest.xml:34:17-82
109            <meta-data
109-->[com.google.firebase:firebase-installations:17.2.0] AndroidManifest.xml:15:13-17:85
110                android:name="com.google.firebase.components:com.google.firebase.installations.FirebaseInstallationsKtxRegistrar"
110-->[com.google.firebase:firebase-installations:17.2.0] AndroidManifest.xml:16:17-130
111                android:value="com.google.firebase.components.ComponentRegistrar" />
111-->[com.google.firebase:firebase-installations:17.2.0] AndroidManifest.xml:17:17-82
112            <meta-data
112-->[com.google.firebase:firebase-installations:17.2.0] AndroidManifest.xml:18:13-20:85
113                android:name="com.google.firebase.components:com.google.firebase.installations.FirebaseInstallationsRegistrar"
113-->[com.google.firebase:firebase-installations:17.2.0] AndroidManifest.xml:19:17-127
114                android:value="com.google.firebase.components.ComponentRegistrar" />
114-->[com.google.firebase:firebase-installations:17.2.0] AndroidManifest.xml:20:17-82
115            <meta-data
115-->[com.google.firebase:firebase-common-ktx:20.4.3] AndroidManifest.xml:12:13-14:85
116                android:name="com.google.firebase.components:com.google.firebase.ktx.FirebaseCommonLegacyRegistrar"
116-->[com.google.firebase:firebase-common-ktx:20.4.3] AndroidManifest.xml:13:17-116
117                android:value="com.google.firebase.components.ComponentRegistrar" />
117-->[com.google.firebase:firebase-common-ktx:20.4.3] AndroidManifest.xml:14:17-82
118            <meta-data
118-->[com.google.firebase:firebase-common:20.4.3] AndroidManifest.xml:35:13-37:85
119                android:name="com.google.firebase.components:com.google.firebase.FirebaseCommonKtxRegistrar"
119-->[com.google.firebase:firebase-common:20.4.3] AndroidManifest.xml:36:17-109
120                android:value="com.google.firebase.components.ComponentRegistrar" />
120-->[com.google.firebase:firebase-common:20.4.3] AndroidManifest.xml:37:17-82
121            <meta-data
121-->[com.google.firebase:firebase-datatransport:18.1.7] AndroidManifest.xml:27:13-29:85
122                android:name="com.google.firebase.components:com.google.firebase.datatransport.TransportRegistrar"
122-->[com.google.firebase:firebase-datatransport:18.1.7] AndroidManifest.xml:28:17-115
123                android:value="com.google.firebase.components.ComponentRegistrar" />
123-->[com.google.firebase:firebase-datatransport:18.1.7] AndroidManifest.xml:29:17-82
124        </service>
125        <service
125-->[:firebase_messaging] AndroidManifest.xml:16:9-19:72
126            android:name="io.flutter.plugins.firebase.messaging.FlutterFirebaseMessagingBackgroundService"
126-->[:firebase_messaging] AndroidManifest.xml:17:13-107
127            android:exported="false"
127-->[:firebase_messaging] AndroidManifest.xml:18:13-37
128            android:permission="android.permission.BIND_JOB_SERVICE" />
128-->[:firebase_messaging] AndroidManifest.xml:19:13-69
129        <service
129-->[:firebase_messaging] AndroidManifest.xml:20:9-26:19
130            android:name="io.flutter.plugins.firebase.messaging.FlutterFirebaseMessagingService"
130-->[:firebase_messaging] AndroidManifest.xml:21:13-97
131            android:exported="false" >
131-->[:firebase_messaging] AndroidManifest.xml:22:13-37
132            <intent-filter>
132-->[:firebase_messaging] AndroidManifest.xml:23:13-25:29
133                <action android:name="com.google.firebase.MESSAGING_EVENT" />
133-->[:firebase_messaging] AndroidManifest.xml:24:17-78
133-->[:firebase_messaging] AndroidManifest.xml:24:25-75
134            </intent-filter>
135        </service>
136
137        <receiver
137-->[:firebase_messaging] AndroidManifest.xml:28:9-35:20
138            android:name="io.flutter.plugins.firebase.messaging.FlutterFirebaseMessagingReceiver"
138-->[:firebase_messaging] AndroidManifest.xml:29:13-98
139            android:exported="true"
139-->[:firebase_messaging] AndroidManifest.xml:30:13-36
140            android:permission="com.google.android.c2dm.permission.SEND" >
140-->[:firebase_messaging] AndroidManifest.xml:31:13-73
141            <intent-filter>
141-->[:firebase_messaging] AndroidManifest.xml:32:13-34:29
142                <action android:name="com.google.android.c2dm.intent.RECEIVE" />
142-->[:firebase_messaging] AndroidManifest.xml:33:17-81
142-->[:firebase_messaging] AndroidManifest.xml:33:25-78
143            </intent-filter>
144        </receiver>
145
146        <provider
146-->[:firebase_messaging] AndroidManifest.xml:43:9-47:38
147            android:name="io.flutter.plugins.firebase.messaging.FlutterFirebaseMessagingInitProvider"
147-->[:firebase_messaging] AndroidManifest.xml:44:13-102
148            android:authorities="com.example.click_send.flutterfirebasemessaginginitprovider"
148-->[:firebase_messaging] AndroidManifest.xml:45:13-88
149            android:exported="false"
149-->[:firebase_messaging] AndroidManifest.xml:46:13-37
150            android:initOrder="99" />
150-->[:firebase_messaging] AndroidManifest.xml:47:13-35
151
152        <service
152-->[:geolocator_android] AndroidManifest.xml:10:9-14:56
153            android:name="com.baseflow.geolocator.GeolocatorLocationService"
153-->[:geolocator_android] AndroidManifest.xml:11:13-77
154            android:enabled="true"
154-->[:geolocator_android] AndroidManifest.xml:12:13-35
155            android:exported="false"
155-->[:geolocator_android] AndroidManifest.xml:13:13-37
156            android:foregroundServiceType="location" />
156-->[:geolocator_android] AndroidManifest.xml:14:13-53
157
158        <provider
158-->[:image_picker_android] AndroidManifest.xml:11:9-19:20
159            android:name="io.flutter.plugins.imagepicker.ImagePickerFileProvider"
159-->[:image_picker_android] AndroidManifest.xml:12:13-82
160            android:authorities="com.example.click_send.flutter.image_provider"
160-->[:image_picker_android] AndroidManifest.xml:13:13-74
161            android:exported="false"
161-->[:image_picker_android] AndroidManifest.xml:14:13-37
162            android:grantUriPermissions="true" >
162-->[:image_picker_android] AndroidManifest.xml:15:13-47
163            <meta-data
163-->[:image_picker_android] AndroidManifest.xml:16:13-18:75
164                android:name="android.support.FILE_PROVIDER_PATHS"
164-->[:image_picker_android] AndroidManifest.xml:17:17-67
165                android:resource="@xml/flutter_image_picker_file_paths" />
165-->[:image_picker_android] AndroidManifest.xml:18:17-72
166        </provider> <!-- Trigger Google Play services to install the backported photo picker module. -->
167        <service
167-->[:image_picker_android] AndroidManifest.xml:21:9-33:19
168            android:name="com.google.android.gms.metadata.ModuleDependencies"
168-->[:image_picker_android] AndroidManifest.xml:22:13-78
169            android:enabled="false"
169-->[:image_picker_android] AndroidManifest.xml:23:13-36
170            android:exported="false" >
170-->[:image_picker_android] AndroidManifest.xml:24:13-37
171            <intent-filter>
171-->[:image_picker_android] AndroidManifest.xml:26:13-28:29
172                <action android:name="com.google.android.gms.metadata.MODULE_DEPENDENCIES" />
172-->[:image_picker_android] AndroidManifest.xml:27:17-94
172-->[:image_picker_android] AndroidManifest.xml:27:25-91
173            </intent-filter>
174
175            <meta-data
175-->[:image_picker_android] AndroidManifest.xml:30:13-32:36
176                android:name="photopicker_activity:0:required"
176-->[:image_picker_android] AndroidManifest.xml:31:17-63
177                android:value="" />
177-->[:image_picker_android] AndroidManifest.xml:32:17-33
178        </service>
179
180        <activity
180-->[com.stripe:paymentsheet:20.34.4] AndroidManifest.xml:8:9-12:58
181            android:name="com.stripe.android.paymentsheet.PaymentSheetActivity"
181-->[com.stripe:paymentsheet:20.34.4] AndroidManifest.xml:9:13-80
182            android:exported="false"
182-->[com.stripe:paymentsheet:20.34.4] AndroidManifest.xml:10:13-37
183            android:theme="@style/StripePaymentSheetDefaultTheme"
183-->[com.stripe:paymentsheet:20.34.4] AndroidManifest.xml:11:13-66
184            android:windowSoftInputMode="adjustResize" />
184-->[com.stripe:paymentsheet:20.34.4] AndroidManifest.xml:12:13-55
185        <activity
185-->[com.stripe:paymentsheet:20.34.4] AndroidManifest.xml:13:9-17:58
186            android:name="com.stripe.android.paymentsheet.PaymentOptionsActivity"
186-->[com.stripe:paymentsheet:20.34.4] AndroidManifest.xml:14:13-82
187            android:exported="false"
187-->[com.stripe:paymentsheet:20.34.4] AndroidManifest.xml:15:13-37
188            android:theme="@style/StripePaymentSheetDefaultTheme"
188-->[com.stripe:paymentsheet:20.34.4] AndroidManifest.xml:16:13-66
189            android:windowSoftInputMode="adjustResize" />
189-->[com.stripe:paymentsheet:20.34.4] AndroidManifest.xml:17:13-55
190        <activity
190-->[com.stripe:paymentsheet:20.34.4] AndroidManifest.xml:18:9-22:58
191            android:name="com.stripe.android.customersheet.CustomerSheetActivity"
191-->[com.stripe:paymentsheet:20.34.4] AndroidManifest.xml:19:13-82
192            android:exported="false"
192-->[com.stripe:paymentsheet:20.34.4] AndroidManifest.xml:20:13-37
193            android:theme="@style/StripePaymentSheetDefaultTheme"
193-->[com.stripe:paymentsheet:20.34.4] AndroidManifest.xml:21:13-66
194            android:windowSoftInputMode="adjustResize" />
194-->[com.stripe:paymentsheet:20.34.4] AndroidManifest.xml:22:13-55
195        <activity
195-->[com.stripe:paymentsheet:20.34.4] AndroidManifest.xml:23:9-26:69
196            android:name="com.stripe.android.paymentsheet.addresselement.AddressElementActivity"
196-->[com.stripe:paymentsheet:20.34.4] AndroidManifest.xml:24:13-97
197            android:exported="false"
197-->[com.stripe:paymentsheet:20.34.4] AndroidManifest.xml:25:13-37
198            android:theme="@style/StripePaymentSheetDefaultTheme" />
198-->[com.stripe:paymentsheet:20.34.4] AndroidManifest.xml:26:13-66
199        <activity
199-->[com.stripe:paymentsheet:20.34.4] AndroidManifest.xml:27:9-30:69
200            android:name="com.stripe.android.paymentsheet.paymentdatacollection.bacs.BacsMandateConfirmationActivity"
200-->[com.stripe:paymentsheet:20.34.4] AndroidManifest.xml:28:13-118
201            android:exported="false"
201-->[com.stripe:paymentsheet:20.34.4] AndroidManifest.xml:29:13-37
202            android:theme="@style/StripePaymentSheetDefaultTheme" />
202-->[com.stripe:paymentsheet:20.34.4] AndroidManifest.xml:30:13-66
203        <activity
203-->[com.stripe:paymentsheet:20.34.4] AndroidManifest.xml:31:9-34:69
204            android:name="com.stripe.android.paymentsheet.paymentdatacollection.polling.PollingActivity"
204-->[com.stripe:paymentsheet:20.34.4] AndroidManifest.xml:32:13-105
205            android:exported="false"
205-->[com.stripe:paymentsheet:20.34.4] AndroidManifest.xml:33:13-37
206            android:theme="@style/StripePaymentSheetDefaultTheme" />
206-->[com.stripe:paymentsheet:20.34.4] AndroidManifest.xml:34:13-66
207        <activity
207-->[com.stripe:paymentsheet:20.34.4] AndroidManifest.xml:35:9-38:69
208            android:name="com.stripe.android.paymentsheet.ui.SepaMandateActivity"
208-->[com.stripe:paymentsheet:20.34.4] AndroidManifest.xml:36:13-82
209            android:exported="false"
209-->[com.stripe:paymentsheet:20.34.4] AndroidManifest.xml:37:13-37
210            android:theme="@style/StripePaymentSheetDefaultTheme" />
210-->[com.stripe:paymentsheet:20.34.4] AndroidManifest.xml:38:13-66
211        <activity
211-->[com.stripe:link:20.34.4] AndroidManifest.xml:8:9-13:61
212            android:name="com.stripe.android.link.LinkForegroundActivity"
212-->[com.stripe:link:20.34.4] AndroidManifest.xml:9:13-74
213            android:autoRemoveFromRecents="true"
213-->[com.stripe:link:20.34.4] AndroidManifest.xml:10:13-49
214            android:configChanges="orientation|keyboard|keyboardHidden|screenLayout|screenSize|smallestScreenSize"
214-->[com.stripe:link:20.34.4] AndroidManifest.xml:11:13-115
215            android:launchMode="singleTop"
215-->[com.stripe:link:20.34.4] AndroidManifest.xml:12:13-43
216            android:theme="@style/StripeTransparentTheme" />
216-->[com.stripe:link:20.34.4] AndroidManifest.xml:13:13-58
217        <activity
217-->[com.stripe:link:20.34.4] AndroidManifest.xml:14:9-31:20
218            android:name="com.stripe.android.link.LinkRedirectHandlerActivity"
218-->[com.stripe:link:20.34.4] AndroidManifest.xml:15:13-79
219            android:autoRemoveFromRecents="true"
219-->[com.stripe:link:20.34.4] AndroidManifest.xml:16:13-49
220            android:exported="true"
220-->[com.stripe:link:20.34.4] AndroidManifest.xml:17:13-36
221            android:launchMode="singleInstance"
221-->[com.stripe:link:20.34.4] AndroidManifest.xml:18:13-48
222            android:theme="@style/StripeTransparentTheme" >
222-->[com.stripe:link:20.34.4] AndroidManifest.xml:19:13-58
223            <intent-filter>
223-->[com.stripe:link:20.34.4] AndroidManifest.xml:20:13-30:29
224                <action android:name="android.intent.action.VIEW" />
224-->[com.stripe:link:20.34.4] AndroidManifest.xml:21:17-69
224-->[com.stripe:link:20.34.4] AndroidManifest.xml:21:25-66
225
226                <category android:name="android.intent.category.DEFAULT" />
226-->[com.stripe:link:20.34.4] AndroidManifest.xml:23:17-76
226-->[com.stripe:link:20.34.4] AndroidManifest.xml:23:27-73
227                <category android:name="android.intent.category.BROWSABLE" />
227-->[com.stripe:link:20.34.4] AndroidManifest.xml:24:17-78
227-->[com.stripe:link:20.34.4] AndroidManifest.xml:24:27-75
228
229                <data
229-->[com.stripe:link:20.34.4] AndroidManifest.xml:26:17-29:51
230                    android:host="complete"
230-->[com.stripe:link:20.34.4] AndroidManifest.xml:27:21-44
231                    android:path="/com.example.click_send"
231-->[com.stripe:link:20.34.4] AndroidManifest.xml:28:21-53
232                    android:scheme="link-popup" />
232-->[com.stripe:link:20.34.4] AndroidManifest.xml:29:21-48
233            </intent-filter>
234        </activity>
235        <activity
235-->[com.stripe:payments-ui-core:20.34.4] AndroidManifest.xml:8:9-11:69
236            android:name="com.stripe.android.ui.core.cardscan.CardScanActivity"
236-->[com.stripe:payments-ui-core:20.34.4] AndroidManifest.xml:9:13-80
237            android:exported="false"
237-->[com.stripe:payments-ui-core:20.34.4] AndroidManifest.xml:10:13-37
238            android:theme="@style/StripePaymentSheetDefaultTheme" />
238-->[com.stripe:payments-ui-core:20.34.4] AndroidManifest.xml:11:13-66
239        <activity
239-->[com.stripe:payments-core:20.34.4] AndroidManifest.xml:15:9-18:57
240            android:name="com.stripe.android.view.AddPaymentMethodActivity"
240-->[com.stripe:payments-core:20.34.4] AndroidManifest.xml:16:13-76
241            android:exported="false"
241-->[com.stripe:payments-core:20.34.4] AndroidManifest.xml:17:13-37
242            android:theme="@style/StripeDefaultTheme" />
242-->[com.stripe:payments-core:20.34.4] AndroidManifest.xml:18:13-54
243        <activity
243-->[com.stripe:payments-core:20.34.4] AndroidManifest.xml:19:9-22:57
244            android:name="com.stripe.android.view.PaymentMethodsActivity"
244-->[com.stripe:payments-core:20.34.4] AndroidManifest.xml:20:13-74
245            android:exported="false"
245-->[com.stripe:payments-core:20.34.4] AndroidManifest.xml:21:13-37
246            android:theme="@style/StripeDefaultTheme" />
246-->[com.stripe:payments-core:20.34.4] AndroidManifest.xml:22:13-54
247        <activity
247-->[com.stripe:payments-core:20.34.4] AndroidManifest.xml:23:9-26:57
248            android:name="com.stripe.android.view.PaymentFlowActivity"
248-->[com.stripe:payments-core:20.34.4] AndroidManifest.xml:24:13-71
249            android:exported="false"
249-->[com.stripe:payments-core:20.34.4] AndroidManifest.xml:25:13-37
250            android:theme="@style/StripeDefaultTheme" />
250-->[com.stripe:payments-core:20.34.4] AndroidManifest.xml:26:13-54
251        <activity
251-->[com.stripe:payments-core:20.34.4] AndroidManifest.xml:27:9-31:58
252            android:name="com.stripe.android.view.PaymentAuthWebViewActivity"
252-->[com.stripe:payments-core:20.34.4] AndroidManifest.xml:28:13-78
253            android:exported="false"
253-->[com.stripe:payments-core:20.34.4] AndroidManifest.xml:29:13-37
254            android:theme="@style/StripeDefaultTheme"
254-->[com.stripe:payments-core:20.34.4] AndroidManifest.xml:30:13-54
255            android:windowSoftInputMode="adjustResize" />
255-->[com.stripe:payments-core:20.34.4] AndroidManifest.xml:31:13-55
256        <activity
256-->[com.stripe:payments-core:20.34.4] AndroidManifest.xml:32:9-35:61
257            android:name="com.stripe.android.view.PaymentRelayActivity"
257-->[com.stripe:payments-core:20.34.4] AndroidManifest.xml:33:13-72
258            android:exported="false"
258-->[com.stripe:payments-core:20.34.4] AndroidManifest.xml:34:13-37
259            android:theme="@style/StripeTransparentTheme" />
259-->[com.stripe:payments-core:20.34.4] AndroidManifest.xml:35:13-58
260        <!--
261        Set android:launchMode="singleTop" so that the StripeBrowserLauncherActivity instance that
262        launched the browser Activity will also handle the return URL deep link.
263        -->
264        <activity
264-->[com.stripe:payments-core:20.34.4] AndroidManifest.xml:41:9-45:61
265            android:name="com.stripe.android.payments.StripeBrowserLauncherActivity"
265-->[com.stripe:payments-core:20.34.4] AndroidManifest.xml:42:13-85
266            android:exported="false"
266-->[com.stripe:payments-core:20.34.4] AndroidManifest.xml:43:13-37
267            android:launchMode="singleTask"
267-->[com.stripe:payments-core:20.34.4] AndroidManifest.xml:44:13-44
268            android:theme="@style/StripeTransparentTheme" />
268-->[com.stripe:payments-core:20.34.4] AndroidManifest.xml:45:13-58
269        <activity
269-->[com.stripe:payments-core:20.34.4] AndroidManifest.xml:46:9-63:20
270            android:name="com.stripe.android.payments.StripeBrowserProxyReturnActivity"
270-->[com.stripe:payments-core:20.34.4] AndroidManifest.xml:47:13-88
271            android:exported="true"
271-->[com.stripe:payments-core:20.34.4] AndroidManifest.xml:48:13-36
272            android:launchMode="singleTask"
272-->[com.stripe:payments-core:20.34.4] AndroidManifest.xml:49:13-44
273            android:theme="@style/StripeTransparentTheme" >
273-->[com.stripe:payments-core:20.34.4] AndroidManifest.xml:50:13-58
274            <intent-filter>